[2018-09-26 14:11:42.196] [exthost1] [info] extension host started
[2018-09-26 14:11:42.221] [exthost1] [info] ExtensionService#_doActivateExtension vscode.debug-auto-launch {"startup":true,"activationEvent":"*"}
[2018-09-26 14:11:42.221] [exthost1] [info] ExtensionService#loadCommonJSModule /opt/visual-studio-code/resources/app/extensions/debug-auto-launch/out/extension
[2018-09-26 14:11:42.555] [exthost1] [info] ExtensionService#_doActivateExtension vscode.emmet {"startup":true,"activationEvent":"*"}
[2018-09-26 14:11:42.555] [exthost1] [info] ExtensionService#loadCommonJSModule /opt/visual-studio-code/resources/app/extensions/emmet/dist/extension
[2018-09-26 14:11:42.635] [exthost1] [info] ExtensionService#_doActivateExtension vscode.git {"startup":true,"activationEvent":"*"}
[2018-09-26 14:11:42.635] [exthost1] [info] ExtensionService#loadCommonJSModule /opt/visual-studio-code/resources/app/extensions/git/dist/main
[2018-09-26 14:11:43.372] [exthost1] [info] ExtensionService#_doActivateExtension vscode.merge-conflict {"startup":true,"activationEvent":"*"}
[2018-09-26 14:11:43.373] [exthost1] [info] ExtensionService#loadCommonJSModule /opt/visual-studio-code/resources/app/extensions/merge-conflict/out/extension
[2018-09-26 14:11:43.405] [exthost1] [info] ExtensionService#_doActivateExtension vscode.search-rg {"startup":true,"activationEvent":"*"}
[2018-09-26 14:11:43.406] [exthost1] [info] ExtensionService#loadCommonJSModule /opt/visual-studio-code/resources/app/extensions/search-rg/out/extension
[2018-09-26 14:11:43.456] [exthost1] [info] eager extensions activated
[2018-09-26 14:11:43.472] [exthost1] [info] ExtensionService#_doActivateExtension octref.vetur {"startup":false,"activationEvent":"onLanguage:vue"}
[2018-09-26 14:11:43.472] [exthost1] [info] ExtensionService#loadCommonJSModule /home/zoey/.vscode/extensions/octref.vetur-0.12.7/dist/client/vueMain
[2018-09-26 14:16:55.524] [exthost1] [info] ExtensionService#_doActivateExtension vscode.extension-editing {"startup":false,"activationEvent":"onLanguage:typescript"}
[2018-09-26 14:16:55.524] [exthost1] [info] ExtensionService#loadCommonJSModule /opt/visual-studio-code/resources/app/extensions/extension-editing/out/extension
[2018-09-26 14:16:55.643] [exthost1] [info] ExtensionService#_doActivateExtension vscode.typescript-language-features {"startup":false,"activationEvent":"onLanguage:typescript"}
[2018-09-26 14:16:55.645] [exthost1] [info] ExtensionService#loadCommonJSModule /opt/visual-studio-code/resources/app/extensions/typescript-language-features/dist/extension
[2018-09-26 14:55:39.468] [exthost1] [info] ExtensionService#_doActivateExtension vscode.html-language-features {"startup":false,"activationEvent":"onLanguage:html"}
[2018-09-26 14:55:39.469] [exthost1] [info] ExtensionService#loadCommonJSModule /opt/visual-studio-code/resources/app/extensions/html-language-features/client/dist/htmlMain
