[2018-09-26 08:55:54.461] [sharedprocess] [info] main {"machineId":"a91b1a4bd5be71df7fcc6cc9d90bb93f9c24cb8cec43875c5b4aad89ceb7e666"}
[2018-09-26 08:55:55.072] [sharedprocess] [info] Scanned user extensions: 1
[2018-09-26 08:56:19.713] [sharedprocess] [info] Scanned user extensions: 1
[2018-09-26 08:56:19.717] [sharedprocess] [info] Scanned user extensions: 1
[2018-09-26 08:56:25.434] [sharedprocess] [info] Scanned user extensions: 1
[2018-09-26 08:56:25.535] [sharedprocess] [info] Scanned user extensions: 1
[2018-09-26 08:56:26.417] [sharedprocess] [info] Scanned user extensions: 1
[2018-09-26 08:56:27.579] [sharedprocess] [info] Scanned system extensions: 71
[2018-09-26 08:56:27.630] [sharedprocess] [info] Scanned system extensions: 71
[2018-09-26 08:56:27.633] [sharedprocess] [info] Scanned system extensions: 71
[2018-09-26 08:56:27.747] [sharedprocess] [info] Deleted from disk octref.vetur-0.12.6
[2018-09-26 08:56:34.468] [sharedprocess] [info] Starting to clean up unused language packs.
[2018-09-26 09:01:26.437] [sharedprocess] [info] Scanned user extensions: 1
[2018-09-26 09:06:26.445] [sharedprocess] [info] Scanned user extensions: 1
[2018-09-26 09:11:26.455] [sharedprocess] [info] Scanned user extensions: 1
[2018-09-26 09:16:26.469] [sharedprocess] [info] Scanned user extensions: 1
[2018-09-26 09:21:26.480] [sharedprocess] [info] Scanned user extensions: 1
[2018-09-26 09:26:26.491] [sharedprocess] [info] Scanned user extensions: 1
[2018-09-26 09:31:26.503] [sharedprocess] [info] Scanned user extensions: 1
[2018-09-26 09:36:26.515] [sharedprocess] [info] Scanned user extensions: 1
[2018-09-26 09:41:26.528] [sharedprocess] [info] Scanned user extensions: 1
[2018-09-26 09:46:28.097] [sharedprocess] [info] Scanned user extensions: 1
[2018-09-26 09:51:28.108] [sharedprocess] [info] Scanned user extensions: 1
[2018-09-26 09:56:28.115] [sharedprocess] [info] Scanned user extensions: 1
[2018-09-26 10:01:28.196] [sharedprocess] [info] Scanned user extensions: 1
[2018-09-26 10:06:28.209] [sharedprocess] [info] Scanned user extensions: 1
[2018-09-26 10:11:28.215] [sharedprocess] [info] Scanned user extensions: 1
[2018-09-26 10:16:28.223] [sharedprocess] [info] Scanned user extensions: 1
[2018-09-26 10:21:28.230] [sharedprocess] [info] Scanned user extensions: 1
[2018-09-26 10:26:28.239] [sharedprocess] [info] Scanned user extensions: 1
[2018-09-26 10:31:28.251] [sharedprocess] [info] Scanned user extensions: 1
[2018-09-26 10:36:30.110] [sharedprocess] [info] Scanned user extensions: 1
[2018-09-26 10:41:30.117] [sharedprocess] [info] Scanned user extensions: 1
[2018-09-26 10:46:30.127] [sharedprocess] [info] Scanned user extensions: 1
[2018-09-26 10:51:30.139] [sharedprocess] [info] Scanned user extensions: 1
[2018-09-26 10:56:30.145] [sharedprocess] [info] Scanned user extensions: 1
[2018-09-26 11:01:30.150] [sharedprocess] [info] Scanned user extensions: 1
[2018-09-26 11:06:30.310] [sharedprocess] [info] Scanned user extensions: 1
[2018-09-26 11:11:30.316] [sharedprocess] [info] Scanned user extensions: 1
[2018-09-26 11:16:30.321] [sharedprocess] [info] Scanned user extensions: 1
[2018-09-26 11:21:30.336] [sharedprocess] [info] Scanned user extensions: 1
[2018-09-26 11:26:31.305] [sharedprocess] [info] Scanned user extensions: 1
[2018-09-26 11:31:31.312] [sharedprocess] [info] Scanned user extensions: 1
[2018-09-26 11:36:31.322] [sharedprocess] [info] Scanned user extensions: 1
[2018-09-26 11:41:31.331] [sharedprocess] [info] Scanned user extensions: 1
[2018-09-26 11:46:31.338] [sharedprocess] [info] Scanned user extensions: 1
[2018-09-26 11:51:31.350] [sharedprocess] [info] Scanned user extensions: 1
[2018-09-26 11:56:31.364] [sharedprocess] [info] Scanned user extensions: 1
[2018-09-26 12:01:31.375] [sharedprocess] [info] Scanned user extensions: 1
