Looking for git in: git
Using git 2.33.0 from git
> git rev-parse --git-dir
Open repository: /home/zoey/git/0ad
> git status -z -u
> git check-ignore -v -z --stdin
> git symbolic-ref --short HEAD
> git for-each-ref --format=%(refname)%00%(upstream:short)%00%(objectname)%00%(upstream:track) refs/heads/master refs/remotes/master
> git for-each-ref --sort -committerdate --format %(refname) %(objectname) %(*objectname)
> git remote --verbose
Warning: Failed to watch ref '/home/zoey/git/0ad/.git/refs/remotes/origin/master', is most likely packed.
> git config --get commit.template
> git check-ignore -v -z --stdin
> git check-ignore -v -z --stdin
> git check-ignore -v -z --stdin
> git check-ignore -v -z --stdin
> git check-ignore -v -z --stdin
> git check-ignore -v -z --stdin
> git check-ignore -v -z --stdin
> git check-ignore -v -z --stdin
> git check-ignore -v -z --stdin
> git show --textconv :binaries/data/mods/public/simulation/ai/common-api/baseAI.js
> git ls-files --stage -- /home/zoey/git/0ad/binaries/data/mods/public/simulation/ai/common-api/baseAI.js
> git cat-file -s 92dfe38a59f35e46d668e832d5bb8c974462ccee
> git check-ignore -v -z --stdin
> git check-ignore -v -z --stdin
> git show --textconv :binaries/data/mods/public/simulation/ai/common-api/class.js
> git ls-files --stage -- /home/zoey/git/0ad/binaries/data/mods/public/simulation/ai/common-api/class.js
> git cat-file -s 81690c78f43fc7906ad9099e1c074b636a5e1085
> git show --textconv :binaries/data/mods/public/simulation/ai/common-api/entity.js
> git ls-files --stage -- /home/zoey/git/0ad/binaries/data/mods/public/simulation/ai/common-api/entity.js
> git cat-file -s 67fe80b2f5e40fafd9f6fbb724a3de2acd75b452
> git show --textconv :source/scriptinterface/tests/test_ScriptConversions.h
> git ls-files --stage -- /home/zoey/git/0ad/source/scriptinterface/tests/test_ScriptConversions.h
> git check-ignore -v -z --stdin
> git cat-file -s 98ce6c08d26c93594dcbd974a51ee92b6fc71af4
> git show --textconv :source/scriptinterface/ScriptExtraHeaders.h
> git ls-files --stage -- /home/zoey/git/0ad/source/scriptinterface/ScriptExtraHeaders.h
> git cat-file -s 5aea5b0eee576ff741d23d26302ce4c1b86d99d0
> git check-ignore -v -z --stdin
> git check-ignore -v -z --stdin
> git log --format=%H%n%aN%n%aE%n%at%n%ct%n%P%n%B -z -n21 -- /home/zoey/git/0ad/source/scriptinterface/ScriptExtraHeaders.h
> git show --textconv :binaries/data/mods/public/simulation/ai/common-api/baseAI.js
> git ls-files --stage -- /home/zoey/git/0ad/binaries/data/mods/public/simulation/ai/common-api/baseAI.js
> git cat-file -s 92dfe38a59f35e46d668e832d5bb8c974462ccee
