Looking for git in: git
Using git 2.33.0 from git
> git rev-parse --git-dir
Open repository: /home/zoey/git/0ad
> git status -z -u
> git check-ignore -v -z --stdin
> git symbolic-ref --short HEAD
> git for-each-ref --format=%(refname)%00%(upstream:short)%00%(objectname)%00%(upstream:track) refs/heads/master refs/remotes/master
> git for-each-ref --sort -committerdate --format %(refname) %(objectname) %(*objectname)
> git remote --verbose
Warning: Failed to watch ref '/home/zoey/git/0ad/.git/refs/remotes/origin/master', is most likely packed.
> git config --get commit.template
> git show --textconv :binaries/data/mods/public/simulation/ai/common-api/gamestate.js
> git ls-files --stage -- /home/zoey/git/0ad/binaries/data/mods/public/simulation/ai/common-api/gamestate.js
> git cat-file -s fafeadaff4a7f1ed598919a773d5bf3fa96db9dd
> git show --textconv :binaries/data/mods/public/simulation/ai/common-api/baseAI.js
> git ls-files --stage -- /home/zoey/git/0ad/binaries/data/mods/public/simulation/ai/common-api/baseAI.js
> git cat-file -s 92dfe38a59f35e46d668e832d5bb8c974462ccee
> git show --textconv :binaries/data/mods/public/simulation/ai/common-api/class.js
> git ls-files --stage -- /home/zoey/git/0ad/binaries/data/mods/public/simulation/ai/common-api/class.js
> git cat-file -s 81690c78f43fc7906ad9099e1c074b636a5e1085
> git check-ignore -v -z --stdin
> git check-ignore -v -z --stdin
> git show --textconv :binaries/data/mods/public/simulation/ai/petra/_petrabot.js
> git ls-files --stage -- /home/zoey/git/0ad/binaries/data/mods/public/simulation/ai/petra/_petrabot.js
> git cat-file -s 4b03d010991e1db7bf892de2aebae57e34722942
> git show --textconv :binaries/data/mods/public/simulation/ai/common-api/baseAI.js
> git ls-files --stage -- /home/zoey/git/0ad/binaries/data/mods/public/simulation/ai/common-api/baseAI.js
> git cat-file -s 92dfe38a59f35e46d668e832d5bb8c974462ccee
> git show --textconv :binaries/data/mods/public/simulation/ai/petra/_petrabot.js
> git ls-files --stage -- /home/zoey/git/0ad/binaries/data/mods/public/simulation/ai/petra/_petrabot.js
> git cat-file -s 4b03d010991e1db7bf892de2aebae57e34722942
> git show --textconv :binaries/data/mods/public/simulation/ai/petra/headquarters.js
> git ls-files --stage -- /home/zoey/git/0ad/binaries/data/mods/public/simulation/ai/petra/headquarters.js
> git cat-file -s fc950621defb9d87e4fe822f2f085233bc310abd
> git show --textconv :binaries/data/mods/public/simulation/ai/petra/_petrabot.js
> git ls-files --stage -- /home/zoey/git/0ad/binaries/data/mods/public/simulation/ai/petra/_petrabot.js
> git cat-file -s 4b03d010991e1db7bf892de2aebae57e34722942
> git show --textconv :binaries/data/mods/public/simulation/ai/common-api/baseAI.js
> git ls-files --stage -- /home/zoey/git/0ad/binaries/data/mods/public/simulation/ai/common-api/baseAI.js
> git cat-file -s 92dfe38a59f35e46d668e832d5bb8c974462ccee
> git show --textconv :binaries/data/mods/public/simulation/ai/petra/attackManager.js
> git ls-files --stage -- /home/zoey/git/0ad/binaries/data/mods/public/simulation/ai/petra/attackManager.js
> git cat-file -s 0a8f8d7117ea1f37fa50341ced557b250c26bee6
> git show --textconv :binaries/data/mods/public/simulation/ai/petra/_petrabot.js
> git ls-files --stage -- /home/zoey/git/0ad/binaries/data/mods/public/simulation/ai/petra/_petrabot.js
> git cat-file -s 4b03d010991e1db7bf892de2aebae57e34722942
> git show --textconv :binaries/data/mods/public/simulation/ai/common-api/baseAI.js
> git ls-files --stage -- /home/zoey/git/0ad/binaries/data/mods/public/simulation/ai/common-api/baseAI.js
> git cat-file -s 92dfe38a59f35e46d668e832d5bb8c974462ccee
> git show --textconv :binaries/data/mods/public/globalscripts/utility.js
> git ls-files --stage -- /home/zoey/git/0ad/binaries/data/mods/public/globalscripts/utility.js
> git cat-file -s 7751237446876c7e0fbf454b0c275314ba43e181
> git check-ignore -v -z --stdin
> git check-ignore -v -z --stdin
> git show --textconv :binaries/data/mods/public/simulation/ai/common-api/baseAI.js
> git ls-files --stage -- /home/zoey/git/0ad/binaries/data/mods/public/simulation/ai/common-api/baseAI.js
> git cat-file -s 92dfe38a59f35e46d668e832d5bb8c974462ccee
> git check-ignore -v -z --stdin
> git check-ignore -v -z --stdin
> git check-ignore -v -z --stdin
> git check-ignore -v -z --stdin
> git check-ignore -v -z --stdin
> git check-ignore -v -z --stdin
> git check-ignore -v -z --stdin
> git check-ignore -v -z --stdin
