[2018-09-25 14:22:24.324] [exthost1] [info] extension host started
[2018-09-25 14:22:25.146] [exthost1] [info] ExtensionService#_doActivateExtension vscode.debug-auto-launch {"startup":true,"activationEvent":"*"}
[2018-09-25 14:22:25.146] [exthost1] [info] ExtensionService#loadCommonJSModule /opt/visual-studio-code/resources/app/extensions/debug-auto-launch/out/extension
[2018-09-25 14:22:25.203] [exthost1] [info] ExtensionService#_doActivateExtension vscode.emmet {"startup":true,"activationEvent":"*"}
[2018-09-25 14:22:25.203] [exthost1] [info] ExtensionService#loadCommonJSModule /opt/visual-studio-code/resources/app/extensions/emmet/dist/extension
[2018-09-25 14:22:25.272] [exthost1] [info] ExtensionService#_doActivateExtension vscode.git {"startup":true,"activationEvent":"*"}
[2018-09-25 14:22:25.272] [exthost1] [info] ExtensionService#loadCommonJSModule /opt/visual-studio-code/resources/app/extensions/git/dist/main
[2018-09-25 14:22:26.679] [exthost1] [info] ExtensionService#_doActivateExtension vscode.merge-conflict {"startup":true,"activationEvent":"*"}
[2018-09-25 14:22:26.679] [exthost1] [info] ExtensionService#loadCommonJSModule /opt/visual-studio-code/resources/app/extensions/merge-conflict/out/extension
[2018-09-25 14:22:26.727] [exthost1] [info] ExtensionService#_doActivateExtension vscode.search-rg {"startup":true,"activationEvent":"*"}
[2018-09-25 14:22:26.727] [exthost1] [info] ExtensionService#loadCommonJSModule /opt/visual-studio-code/resources/app/extensions/search-rg/out/extension
[2018-09-25 14:22:26.778] [exthost1] [info] eager extensions activated
[2018-09-25 14:22:26.778] [exthost1] [info] ExtensionService#_doActivateExtension octref.vetur {"startup":false,"activationEvent":"onLanguage:vue"}
[2018-09-25 14:22:26.778] [exthost1] [info] ExtensionService#loadCommonJSModule /home/zoey/.vscode/extensions/octref.vetur-0.12.6/out/vueMain
[2018-09-25 14:25:41.419] [exthost1] [info] ExtensionService#_doActivateExtension vscode.extension-editing {"startup":false,"activationEvent":"onLanguage:typescript"}
[2018-09-25 14:25:41.419] [exthost1] [info] ExtensionService#loadCommonJSModule /opt/visual-studio-code/resources/app/extensions/extension-editing/out/extension
[2018-09-25 14:25:41.507] [exthost1] [info] ExtensionService#_doActivateExtension vscode.typescript-language-features {"startup":false,"activationEvent":"onLanguage:typescript"}
[2018-09-25 14:25:41.507] [exthost1] [info] ExtensionService#loadCommonJSModule /opt/visual-studio-code/resources/app/extensions/typescript-language-features/dist/extension
[2018-09-25 17:26:24.976] [exthost1] [info] ExtensionService#_doActivateExtension vscode.html-language-features {"startup":false,"activationEvent":"onLanguage:html"}
[2018-09-25 17:26:24.976] [exthost1] [info] ExtensionService#loadCommonJSModule /opt/visual-studio-code/resources/app/extensions/html-language-features/client/dist/htmlMain
